-------------------------------------------------------------------------------
Test set: com.example.location.StudentCrudApplicationTests
-------------------------------------------------------------------------------
Tests run: 1, Failures: 0, Errors: 1, Skipped: 0, Time elapsed: 0.36 s <<< FAILURE! - in com.example.location.StudentCrudApplicationTests
com.example.location.StudentCrudApplicationTests  Time elapsed: 0.358 s  <<< ERROR!
java.lang.IllegalStateException: Unable to find a @SpringBootConfiguration, you need to use @ContextConfiguration or @SpringBootTest(classes=...) with your test

