<?xml version="1.0" encoding="UTF-8"?>
<testsuite xmlns:xsi="http://www.w3.org/2001/XMLSchema-instance" xsi:noNamespaceSchemaLocation="https://maven.apache.org/surefire/maven-surefire-plugin/xsd/surefire-test-report.xsd" name="com.example.location.StudentCrudApplicationTests" time="0.36" tests="1" errors="1" skipped="0" failures="0">
  <properties>
[...]
</properties>
  <testcase name="com.example.location.StudentCrudApplicationTests" classname="com.example.location.StudentCrudApplicationTests" time="0.358">
    <error message="Unable to find a @SpringBootConfiguration, you need to use @ContextConfiguration or @SpringBootTest(classes=...) with your test" type="java.lang.IllegalStateException">java.lang.IllegalStateException: Unable to find a @SpringBootConfiguration, you need to use @ContextConfiguration or @SpringBootTest(classes=...) with your test
</error>
    <system-out><![CDATA[22:47:53.073 [main] DEBUG org.springframework.test.context.BootstrapUtils - Instantiating CacheAwareContextLoaderDelegate from class [org.springframework.test.context.cache.DefaultCacheAwareContextLoaderDelegate]
22:47:53.086 [main] DEBUG org.springframework.test.context.BootstrapUtils - Instantiating BootstrapContext using constructor [public org.springframework.test.context.support.DefaultBootstrapContext(java.lang.Class,org.springframework.test.context.CacheAwareContextLoaderDelegate)]
22:47:53.144 [main] DEBUG org.springframework.test.context.BootstrapUtils - Instantiating TestContextBootstrapper for test class [com.example.location.StudentCrudApplicationTests] from class [org.springframework.boot.test.context.SpringBootTestContextBootstrapper]
22:47:53.157 [main] INFO org.springframework.boot.test.context.SpringBootTestContextBootstrapper - Neither @ContextConfiguration nor @ContextHierarchy found for test class [com.example.location.StudentCrudApplicationTests], using SpringBootContextLoader
22:47:53.161 [main] DEBUG org.springframework.test.context.support.AbstractContextLoader - Did not detect default resource location for test class [com.example.location.StudentCrudApplicationTests]: class path resource [com/example/location/StudentCrudApplicationTests-context.xml] does not exist
22:47:53.162 [main] DEBUG org.springframework.test.context.support.AbstractContextLoader - Did not detect default resource location for test class [com.example.location.StudentCrudApplicationTests]: class path resource [com/example/location/StudentCrudApplicationTestsContext.groovy] does not exist
22:47:53.162 [main] INFO org.springframework.test.context.support.AbstractContextLoader - Could not detect default resource locations for test class [com.example.location.StudentCrudApplicationTests]: no resource found for suffixes {-context.xml, Context.groovy}.
22:47:53.163 [main] INFO org.springframework.test.context.support.AnnotationConfigContextLoaderUtils - Could not detect default configuration classes for test class [com.example.location.StudentCrudApplicationTests]: StudentCrudApplicationTests does not declare any static, non-private, non-final, nested classes annotated with @Configuration.
22:47:53.229 [main] DEBUG org.springframework.test.context.support.ActiveProfilesUtils - Could not find an 'annotation declaring class' for annotation type [org.springframework.test.context.ActiveProfiles] and class [com.example.location.StudentCrudApplicationTests]
]]></system-out>
  </testcase>
</testsuite>